[0.011s] Invoking command in '/home/autodrive_devkit/ros2_laser_scan_matcher/build/ros2_laser_scan_matcher': CMAKE_PREFIX_PATH=${CMAKE_PREFIX_PATH}:/home/autodrive_devkit/install/autodrive_roboracer:/opt/ros/humble /usr/bin/cmake --build /home/autodrive_devkit/ros2_laser_scan_matcher/build/ros2_laser_scan_matcher -- -j12 -l12
[0.060s] [35m[1mConsolidate compiler generated dependencies of target laser_scan_matcher[0m
[0.117s] gmake[2]: *** No rule to make target '/usr/local/lib/libcsm.so', needed by 'laser_scan_matcher'.  Stop.
[0.117s] gmake[2]: *** Waiting for unfinished jobs....
[0.123s] [ 50%] [32mBuilding CXX object CMakeFiles/laser_scan_matcher.dir/src/laser_scan_matcher.cpp.o[0m
[0.300s] In file included from [01m[K/home/autodrive_devkit/ros2_laser_scan_matcher/include/ros2_laser_scan_matcher/laser_scan_matcher.h:47[m[K,
[0.300s]                  from [01m[K/home/autodrive_devkit/ros2_laser_scan_matcher/src/laser_scan_matcher.cpp:38[m[K:
[0.300s] [01m[K/opt/ros/humble/include/tf2_geometry_msgs/tf2_geometry_msgs/tf2_geometry_msgs.h:35:2:[m[K [01;35m[Kwarning: [m[K#warning This header is obsolete, please include tf2_geometry_msgs/tf2_geometry_msgs.hpp instead [[01;35m[K-Wcpp[m[K]
[0.300s]    35 | #[01;35m[Kwarning[m[K This header is obsolete, please include tf2_geometry_msgs/tf2_geometry_msgs.hpp instead
[0.300s]       |  [01;35m[K^~~~~~~[m[K
[7.867s] gmake[1]: *** [CMakeFiles/Makefile2:137: CMakeFiles/laser_scan_matcher.dir/all] Error 2
[7.867s] gmake: *** [Makefile:146: all] Error 2
[7.869s] Invoked command in '/home/autodrive_devkit/ros2_laser_scan_matcher/build/ros2_laser_scan_matcher' returned '2': CMAKE_PREFIX_PATH=${CMAKE_PREFIX_PATH}:/home/autodrive_devkit/install/autodrive_roboracer:/opt/ros/humble /usr/bin/cmake --build /home/autodrive_devkit/ros2_laser_scan_matcher/build/ros2_laser_scan_matcher -- -j12 -l12
